This is pdfTeX, Version 3.14159265-2.6-1.40.20 (MiKTeX 2.9.6960 64-bit) (preloaded format=pdflatex 2019.2.2)  1 APR 2019 22:15
entering extended mode
**"./Parcial aplicado.tex"
("Parcial aplicado.tex"
LaTeX2e <2018-12-01>
(revcoles.cls
Document Class: revcoles 2009/04/22 v2.5 document class for multi authored arti
cle for REVCOLES journal, Symposium of statistic, projects of pregrade in stati
stic, and report in a course at the National University of Colombia
("C:\Program Files\MiKTeX 2.9\tex/latex/base\fontenc.sty"
Package: fontenc 2018/08/11 v2.0j Standard LaTeX package

("C:\Program Files\MiKTeX 2.9\tex/latex/base\t1enc.def"
File: t1enc.def 2018/08/11 v2.0j Standard LaTeX file
LaTeX Font Info:    Redeclaring font encoding T1 on input line 48.
))
("C:\Program Files\MiKTeX 2.9\tex/latex/amsmath\amsmath.sty"
Package: amsmath 2018/12/01 v2.17b AMS math features
\@mathmargin=\skip41

For additional information on amsmath, use the `?' option.
("C:\Program Files\MiKTeX 2.9\tex/latex/amsmath\amstext.sty"
Package: amstext 2000/06/29 v2.01 AMS text

("C:\Program Files\MiKTeX 2.9\tex/latex/amsmath\amsgen.sty"
File: amsgen.sty 1999/11/30 v2.0 generic functions
\@emptytoks=\toks14
\ex@=\dimen102
))
("C:\Program Files\MiKTeX 2.9\tex/latex/amsmath\amsbsy.sty"
Package: amsbsy 1999/11/29 v1.2d Bold Symbols
\pmbraise@=\dimen103
)
("C:\Program Files\MiKTeX 2.9\tex/latex/amsmath\amsopn.sty"
Package: amsopn 2016/03/08 v2.02 operator names
)
\inf@bad=\count80
LaTeX Info: Redefining \frac on input line 223.
\uproot@=\count81
\leftroot@=\count82
LaTeX Info: Redefining \overline on input line 385.
\classnum@=\count83
\DOTSCASE@=\count84
LaTeX Info: Redefining \ldots on input line 482.
LaTeX Info: Redefining \dots on input line 485.
LaTeX Info: Redefining \cdots on input line 606.
\Mathstrutbox@=\box27
\strutbox@=\box28
\big@size=\dimen104
LaTeX Font Info:    Redeclaring font encoding OML on input line 729.
LaTeX Font Info:    Redeclaring font encoding OMS on input line 730.
\macc@depth=\count85
\c@MaxMatrixCols=\count86
\dotsspace@=\muskip10
\c@parentequation=\count87
\dspbrk@lvl=\count88
\tag@help=\toks15
\row@=\count89
\column@=\count90
\maxfields@=\count91
\andhelp@=\toks16
\eqnshift@=\dimen105
\alignsep@=\dimen106
\tagshift@=\dimen107
\tagwidth@=\dimen108
\totwidth@=\dimen109
\lineht@=\dimen110
\@envbody=\toks17
\multlinegap=\skip42
\multlinetaggap=\skip43
\mathdisplay@stack=\toks18
LaTeX Info: Redefining \[ on input line 2844.
LaTeX Info: Redefining \] on input line 2845.
)
("C:\Program Files\MiKTeX 2.9\tex/latex/amscls\amsthm.sty"
Package: amsthm 2017/10/31 v2.20.4
\thm@style=\toks19
\thm@bodyfont=\toks20
\thm@headfont=\toks21
\thm@notefont=\toks22
\thm@headpunct=\toks23
\thm@preskip=\skip44
\thm@postskip=\skip45
\thm@headsep=\skip46
\dth@everypar=\toks24
)
("C:\Program Files\MiKTeX 2.9\tex/latex/amsfonts\amssymb.sty"
Package: amssymb 2013/01/14 v3.01 AMS font symbols

("C:\Program Files\MiKTeX 2.9\tex/latex/amsfonts\amsfonts.sty"
Package: amsfonts 2013/01/14 v3.01 Basic AMSFonts support
\symAMSa=\mathgroup4
\symAMSb=\mathgroup5
LaTeX Font Info:    Overwriting math alphabet `\mathfrak' in version `bold'
(Font)                  U/euf/m/n --> U/euf/b/n on input line 106.
))
("C:\Program Files\MiKTeX 2.9\tex/latex/base\latexsym.sty"
Package: latexsym 1998/08/17 v2.2e Standard LaTeX package (lasy symbols)
\symlasy=\mathgroup6
LaTeX Font Info:    Overwriting symbol font `lasy' in version `bold'
(Font)                  U/lasy/m/n --> U/lasy/b/n on input line 52.
)
("C:\Program Files\MiKTeX 2.9\tex/latex/tools\verbatim.sty"
Package: verbatim 2014/10/28 v1.5q LaTeX2e package for verbatim enhancements
\every@verbatim=\toks25
\verbatim@line=\toks26
\verbatim@in@stream=\read1
)
("C:\Program Files\MiKTeX 2.9\tex/latex/tools\enumerate.sty"
Package: enumerate 2015/07/23 v3.00 enumerate extensions (DPC)
\@enLab=\toks27
)
("C:\Program Files\MiKTeX 2.9\tex/latex/tools\array.sty"
Package: array 2018/12/30 v2.4k Tabular extension package (FMi)
\col@sep=\dimen111
\ar@mcellbox=\box29
\extrarowheight=\dimen112
\NC@list=\toks28
\extratabsurround=\skip47
\backup@length=\skip48
\ar@cellbox=\box30
)
("C:\Program Files\MiKTeX 2.9\tex/latex/tools\multicol.sty"
Package: multicol 2018/12/27 v1.8v multicolumn formatting (FMi)
\c@tracingmulticols=\count92
\mult@box=\box31
\multicol@leftmargin=\dimen113
\c@unbalance=\count93
\c@collectmore=\count94
\doublecol@number=\count95
\multicoltolerance=\count96
\multicolpretolerance=\count97
\full@width=\dimen114
\page@free=\dimen115
\premulticols=\dimen116
\postmulticols=\dimen117
\multicolsep=\skip49
\multicolbaselineskip=\skip50
\partial@page=\box32
\last@line=\box33
\maxbalancingoverflow=\dimen118
\mult@rightbox=\box34
\mult@grightbox=\box35
\mult@gfirstbox=\box36
\mult@firstbox=\box37
\@tempa=\box38
\@tempa=\box39
\@tempa=\box40
\@tempa=\box41
\@tempa=\box42
\@tempa=\box43
\@tempa=\box44
\@tempa=\box45
\@tempa=\box46
\@tempa=\box47
\@tempa=\box48
\@tempa=\box49
\@tempa=\box50
\@tempa=\box51
\@tempa=\box52
\@tempa=\box53
\@tempa=\box54
\c@columnbadness=\count98
\c@finalcolumnbadness=\count99
\last@try=\dimen119
\multicolovershoot=\dimen120
\multicolundershoot=\dimen121
\mult@nat@firstbox=\box55
\colbreak@box=\box56
\mc@col@check@num=\count100
)
("C:\Program Files\MiKTeX 2.9\tex/generic/oberdiek\ifpdf.sty"
Package: ifpdf 2018/09/07 v3.3 Provides the ifpdf switch
)
("C:\Program Files\MiKTeX 2.9\tex/latex/graphics\graphicx.sty"
Package: graphicx 2017/06/01 v1.1a Enhanced LaTeX Graphics (DPC,SPQR)

("C:\Program Files\MiKTeX 2.9\tex/latex/graphics\keyval.sty"
Package: keyval 2014/10/28 v1.15 key=value parser (DPC)
\KV@toks@=\toks29
)
("C:\Program Files\MiKTeX 2.9\tex/latex/graphics\graphics.sty"
Package: graphics 2017/06/25 v1.2c Standard LaTeX Graphics (DPC,SPQR)

("C:\Program Files\MiKTeX 2.9\tex/latex/graphics\trig.sty"
Package: trig 2016/01/03 v1.10 sin cos tan (DPC)
)
("C:\Program Files\MiKTeX 2.9\tex/latex/graphics-cfg\graphics.cfg"
File: graphics.cfg 2016/06/04 v1.11 sample graphics configuration
)
Package graphics Info: Driver file: pdftex.def on input line 99.

("C:\Program Files\MiKTeX 2.9\tex/latex/graphics-def\pdftex.def"
File: pdftex.def 2018/01/08 v1.0l Graphics/color driver for pdftex
))
\Gin@req@height=\dimen122
\Gin@req@width=\dimen123
)
("C:\Program Files\MiKTeX 2.9\tex/latex/graphics\color.sty"
Package: color 2016/07/10 v1.1e Standard LaTeX Color (DPC)

("C:\Program Files\MiKTeX 2.9\tex/latex/graphics-cfg\color.cfg"
File: color.cfg 2016/01/02 v1.6 sample color configuration
)
Package color Info: Driver file: pdftex.def on input line 147.
)
\c@@symposium=\count101
\c@@instnumber=\count102
\c@@inst=\count103
\c@@last=\count104
\c@@author=\count105
\c@prop=\count106
\c@teor=\count107
\c@coro=\count108
\c@lema=\count109
\c@resu=\count110
\c@defi=\count111
\c@exam=\count112
\c@exams=\count113
\c@exer=\count114
\c@exers=\count115
\c@note=\count116
\c@nota=\count117
\c@obse=\count118
\c@cond=\count119

("C:\Program Files\MiKTeX 2.9\tex/latex/base\size10.clo"
File: size10.clo 2018/09/03 v1.4i Standard LaTeX file (size option)
)
("C:\Program Files\MiKTeX 2.9\tex/generic/babel\babel.sty"
Package: babel 2018/11/13 3.27 The Babel package

("C:\Program Files\MiKTeX 2.9\tex/generic/babel\switch.def"
File: switch.def 2018/11/13 3.27 Babel switching mechanism
)
*************************************
* Local config file bblopts.cfg used
*
(C:\Users\KEVINSTEVEN\AppData\Roaming\MiKTeX\2.9\tex/latex/arabi\bblopts.cfg
File: bblopts.cfg 2005/09/08 v0.1 add Arabic and Farsi to "declared" options of
 babel
)
("C:\Program Files\MiKTeX 2.9\tex/latex/babel-spanish\spanish.ldf"
Language: spanish.ldf 2016/03/03 v5.0p Spanish support from the babel system

("C:\Program Files\MiKTeX 2.9\tex/generic/babel\babel.def"
File: babel.def 2018/11/13 3.27 Babel common definitions
\babel@savecnt=\count120
\U@D=\dimen124

("C:\Program Files\MiKTeX 2.9\tex/generic/babel\txtbabel.def")
\bbl@dirlevel=\count121
)
\es@quottoks=\toks30
\es@quotdepth=\count122
Package babel Info: Making " an active character on input line 561.
Package babel Info: Making . an active character on input line 662.
Package babel Info: Making < an active character on input line 707.
Package babel Info: Making > an active character on input line 707.
))
\c@section=\count123
\c@subsection=\count124
\c@subsubsection=\count125
\c@paragraph=\count126
\c@subparagraph=\count127
\c@figure=\count128
\c@table=\count129
\abovecaptionskip=\skip51
\belowcaptionskip=\skip52
\bibindent=\dimen125

(C:\Users\KEVINSTEVEN\AppData\Roaming\MiKTeX\2.9\tex/latex/caption\caption.sty
Package: caption 2018/10/06 v3.3-154 Customizing captions (AR)

(C:\Users\KEVINSTEVEN\AppData\Roaming\MiKTeX\2.9\tex/latex/caption\caption3.sty
Package: caption3 2018/09/12 v1.8c caption3 kernel (AR)
Package caption3 Info: TeX engine: e-TeX on input line 64.
\captionmargin=\dimen126
\captionmargin@=\dimen127
\captionwidth=\dimen128
\caption@tempdima=\dimen129
\caption@indent=\dimen130
\caption@parindent=\dimen131
\caption@hangindent=\dimen132
)
\c@caption@flags=\count130
\c@ContinuedFloat=\count131
) ("C:\Program Files\MiKTeX 2.9\tex/latex/harvard\harvard.sty"
Package: harvard 

("C:\Program Files\MiKTeX 2.9\tex/latex/base\ifthen.sty"
Package: ifthen 2014/09/29 v1.1c Standard LaTeX ifthen package (DPC)
)))
("C:\Program Files\MiKTeX 2.9\tex/latex/geometry\geometry.sty"
Package: geometry 2018/04/16 v5.8 Page Geometry

("C:\Program Files\MiKTeX 2.9\tex/generic/oberdiek\ifvtex.sty"
Package: ifvtex 2016/05/16 v1.6 Detect VTeX and its facilities (HO)
Package ifvtex Info: VTeX not detected.
)
("C:\Program Files\MiKTeX 2.9\tex/generic/ifxetex\ifxetex.sty"
Package: ifxetex 2010/09/12 v0.6 Provides ifxetex conditional
)
\Gm@cnth=\count132
\Gm@cntv=\count133
\c@Gm@tempcnt=\count134
\Gm@bindingoffset=\dimen133
\Gm@wd@mp=\dimen134
\Gm@odd@mp=\dimen135
\Gm@even@mp=\dimen136
\Gm@layoutwidth=\dimen137
\Gm@layoutheight=\dimen138
\Gm@layouthoffset=\dimen139
\Gm@layoutvoffset=\dimen140
\Gm@dimlist=\toks31

("C:\Program Files\MiKTeX 2.9\tex/latex/geometry\geometry.cfg"))
("C:\Program Files\MiKTeX 2.9\tex/latex/base\inputenc.sty"
Package: inputenc 2018/08/11 v1.3c Input encoding file
\inpenc@prehook=\toks32
\inpenc@posthook=\toks33

("C:\Program Files\MiKTeX 2.9\tex/latex/base\latin1.def"
File: latin1.def 2018/08/11 v1.3c Input encoding file
))
("Parcial aplicado.aux"
LaTeX Info: Redefining \. on input line 6.
LaTeX Info: Redefining \% on input line 6.
)
\openout1 = `"Parcial aplicado.aux"'.

LaTeX Font Info:    Checking defaults for OML/cmm/m/it on input line 41.
LaTeX Font Info:    ... okay on input line 41.
LaTeX Font Info:    Checking defaults for T1/cmr/m/n on input line 41.
LaTeX Font Info:    ... okay on input line 41.
LaTeX Font Info:    Checking defaults for OT1/cmr/m/n on input line 41.
LaTeX Font Info:    ... okay on input line 41.
LaTeX Font Info:    Checking defaults for OMS/cmsy/m/n on input line 41.
LaTeX Font Info:    ... okay on input line 41.
LaTeX Font Info:    Checking defaults for OMX/cmex/m/n on input line 41.
LaTeX Font Info:    ... okay on input line 41.
LaTeX Font Info:    Checking defaults for U/cmr/m/n on input line 41.
LaTeX Font Info:    ... okay on input line 41.

(C:\Users\KEVINSTEVEN\AppData\Roaming\MiKTeX\2.9\tex/context/base\supp-pdf.mkii
[Loading MPS to PDF converter (version 2006.09.02).]
\scratchcounter=\count135
\scratchdimen=\dimen141
\scratchbox=\box57
\nofMPsegments=\count136
\nofMParguments=\count137
\everyMPshowfont=\toks34
\MPscratchCnt=\count138
\MPscratchDim=\dimen142
\MPnumerator=\count139
\makeMPintoPDFobject=\count140
\everyMPtoPDFconversion=\toks35
) ("C:\Program Files\MiKTeX 2.9\tex/latex/oberdiek\epstopdf-base.sty"
Package: epstopdf-base 2016/05/15 v2.6 Base part for package epstopdf

("C:\Program Files\MiKTeX 2.9\tex/generic/oberdiek\infwarerr.sty"
Package: infwarerr 2016/05/16 v1.4 Providing info/warning/error messages (HO)
)
("C:\Program Files\MiKTeX 2.9\tex/latex/oberdiek\grfext.sty"
Package: grfext 2016/05/16 v1.2 Manage graphics extensions (HO)

("C:\Program Files\MiKTeX 2.9\tex/generic/oberdiek\kvdefinekeys.sty"
Package: kvdefinekeys 2016/05/16 v1.4 Define keys (HO)

("C:\Program Files\MiKTeX 2.9\tex/generic/oberdiek\ltxcmds.sty"
Package: ltxcmds 2016/05/16 v1.23 LaTeX kernel commands for general use (HO)
)))
("C:\Program Files\MiKTeX 2.9\tex/latex/oberdiek\kvoptions.sty"
Package: kvoptions 2016/05/16 v3.12 Key value format for package options (HO)

("C:\Program Files\MiKTeX 2.9\tex/generic/oberdiek\kvsetkeys.sty"
Package: kvsetkeys 2016/05/16 v1.17 Key value parser (HO)

("C:\Program Files\MiKTeX 2.9\tex/generic/oberdiek\etexcmds.sty"
Package: etexcmds 2016/05/16 v1.6 Avoid name clashes with e-TeX commands (HO)

("C:\Program Files\MiKTeX 2.9\tex/generic/oberdiek\ifluatex.sty"
Package: ifluatex 2016/05/16 v1.4 Provides the ifluatex switch (HO)
Package ifluatex Info: LuaTeX not detected.
))))
("C:\Program Files\MiKTeX 2.9\tex/generic/oberdiek\pdftexcmds.sty"
Package: pdftexcmds 2018/09/10 v0.29 Utility functions of pdfTeX for LuaTeX (HO
)
Package pdftexcmds Info: LuaTeX not detected.
Package pdftexcmds Info: \pdf@primitive is available.
Package pdftexcmds Info: \pdf@ifprimitive is available.
Package pdftexcmds Info: \pdfdraftmode found.
)
Package epstopdf-base Info: Redefining graphics rule for `.eps' on input line 4
38.
Package grfext Info: Graphics extension search list:
(grfext)             [.pdf,.png,.jpg,.eps]
(grfext)             \AppendGraphicsExtensions on input line 456.
)
LaTeX Info: Redefining \. on input line 41.
LaTeX Info: Redefining \% on input line 41.
Package caption Info: Begin \AtBeginDocument code.
Package caption Info: End \AtBeginDocument code.

*geometry* driver: auto-detecting
*geometry* detected driver: pdftex
*geometry* verbose mode - [ preamble ] result:
* driver: pdftex
* paper: <default>
* layout: <same size as paper>
* layoutoffset:(h,v)=(0.0pt,0.0pt)
* modes: 
* h-part:(L,W,R)=(92.14519pt, 430.00462pt, 92.14519pt)
* v-part:(T,H,B)=(42.67912pt, 723.83812pt, 28.45274pt)
* \paperwidth=614.295pt
* \paperheight=794.96999pt
* \textwidth=430.00462pt
* \textheight=723.83812pt
* \oddsidemargin=19.8752pt
* \evensidemargin=19.8752pt
* \topmargin=-58.6625pt
* \headheight=12.0pt
* \headsep=17.07164pt
* \topskip=10.0pt
* \footskip=30.0pt
* \marginparwidth=5.69054pt
* \marginparsep=11.0pt
* \columnsep=10.0pt
* \skip\footins=9.0pt plus 4.0pt minus 2.0pt
* \hoffset=0.0pt
* \voffset=-15.36446pt
* \mag=1000
* \@twocolumnfalse
* \@twosidefalse
* \@mparswitchfalse
* \@reversemarginfalse
* (1in=72.27pt=25.4mm, 1cm=28.453pt)

LaTeX Font Info:    Try loading font information for U+msa on input line 52.
("C:\Program Files\MiKTeX 2.9\tex/latex/amsfonts\umsa.fd"
File: umsa.fd 2013/01/14 v3.01 AMS symbols A
)
LaTeX Font Info:    Try loading font information for U+msb on input line 52.

("C:\Program Files\MiKTeX 2.9\tex/latex/amsfonts\umsb.fd"
File: umsb.fd 2013/01/14 v3.01 AMS symbols B
)
LaTeX Font Info:    Try loading font information for U+lasy on input line 52.

("C:\Program Files\MiKTeX 2.9\tex/latex/base\ulasy.fd"
File: ulasy.fd 1998/08/17 v2.2e LaTeX symbol font definitions
)

LaTeX Warning: Characters dropped after `\end{comment}' on input line 127.

<FigurasUV/Inercia.pdf, id=1, 1084.05pt x 614.295pt>
File: FigurasUV/Inercia.pdf Graphic file (type pdf)
<use FigurasUV/Inercia.pdf>
Package pdftex.def Info: FigurasUV/Inercia.pdf  used on input line 152.
(pdftex.def)             Requested size: 401.09222pt x 227.28558pt.

LaTeX Warning: `!h' float specifier changed to `!ht'.

[1

{C:/Users/KEVINSTEVEN/AppData/Local/MiKTeX/2.9/pdftex/config/pdftex.map}]
<FigurasUV/indyvar.pdf, id=14, 1084.05pt x 614.295pt>
File: FigurasUV/indyvar.pdf Graphic file (type pdf)
<use FigurasUV/indyvar.pdf>
Package pdftex.def Info: FigurasUV/indyvar.pdf  used on input line 163.
(pdftex.def)             Requested size: 411.94328pt x 233.43452pt.

[2 <./FigurasUV/Inercia.pdf> <./FigurasUV/indyvar.pdf>]
<FigurasUV/ind.pdf, id=34, 1084.05pt x 614.295pt>
File: FigurasUV/ind.pdf Graphic file (type pdf)
<use FigurasUV/ind.pdf>
Package pdftex.def Info: FigurasUV/ind.pdf  used on input line 171.
(pdftex.def)             Requested size: 466.13242pt x 264.1417pt.

Overfull \hbox (36.12779pt too wide) in paragraph at lines 171--172
 [][] 
 []

<FigurasUV/modad4.pdf, id=35, 1084.05pt x 614.295pt>
File: FigurasUV/modad4.pdf Graphic file (type pdf)
<use FigurasUV/modad4.pdf>
Package pdftex.def Info: FigurasUV/modad4.pdf  used on input line 180.
(pdftex.def)             Requested size: 476.98347pt x 270.29063pt.

Overfull \hbox (46.97885pt too wide) in paragraph at lines 180--181
 [][] 
 []

<FigurasUV/Diferenciasmod.pdf, id=36, 1084.05pt x 614.295pt>
File: FigurasUV/Diferenciasmod.pdf Graphic file (type pdf)
<use FigurasUV/Diferenciasmod.pdf>
Package pdftex.def Info: FigurasUV/Diferenciasmod.pdf  used on input line 186.
(pdftex.def)             Requested size: 476.98347pt x 270.29063pt.

Overfull \hbox (46.97885pt too wide) in paragraph at lines 186--187
 [][] 
 []


LaTeX Warning: `!h' float specifier changed to `!ht'.

[3 <./FigurasUV/ind.pdf>]
<FigurasUV/corr1.pdf, id=45, 1084.05pt x 614.295pt>
File: FigurasUV/corr1.pdf Graphic file (type pdf)
<use FigurasUV/corr1.pdf>
Package pdftex.def Info: FigurasUV/corr1.pdf  used on input line 194.
(pdftex.def)             Requested size: 476.98347pt x 270.29063pt.

Overfull \hbox (46.97885pt too wide) in paragraph at lines 194--195
 [][] 
 []

<FigurasUV/contycose.pdf, id=46, 1084.05pt x 614.295pt>
File: FigurasUV/contycose.pdf Graphic file (type pdf)
<use FigurasUV/contycose.pdf>
Package pdftex.def Info: FigurasUV/contycose.pdf  used on input line 199.
(pdftex.def)             Requested size: 487.818pt x 276.43019pt.

Overfull \hbox (57.81337pt too wide) in paragraph at lines 199--200
 [][] 
 []

[4 <./FigurasUV/modad4.pdf> <./FigurasUV/Diferenciasmod.pdf>] [5 <./FigurasUV/c
orr1.pdf> <./FigurasUV/contycose.pdf>] [6]
<FigurasUV/supl9.pdf, id=71, 1084.05pt x 614.295pt>
File: FigurasUV/supl9.pdf Graphic file (type pdf)
<use FigurasUV/supl9.pdf>
Package pdftex.def Info: FigurasUV/supl9.pdf  used on input line 242.
(pdftex.def)             Requested size: 433.61232pt x 245.71364pt.

Overfull \hbox (3.6077pt too wide) in paragraph at lines 242--243
 [][] 
 []

<FigurasUV/supl7.pdf, id=72, 1084.05pt x 614.295pt>
File: FigurasUV/supl7.pdf Graphic file (type pdf)
<use FigurasUV/supl7.pdf>
Package pdftex.def Info: FigurasUV/supl7.pdf  used on input line 247.
(pdftex.def)             Requested size: 433.61232pt x 245.71364pt.

Overfull \hbox (3.6077pt too wide) in paragraph at lines 247--248
 [][] 
 []

[7 <./FigurasUV/supl9.pdf> <./FigurasUV/supl7.pdf>]
<FigurasUV/numclus.pdf, id=87, 1084.05pt x 614.295pt>
File: FigurasUV/numclus.pdf Graphic file (type pdf)
<use FigurasUV/numclus.pdf>
Package pdftex.def Info: FigurasUV/numclus.pdf  used on input line 257.
(pdftex.def)             Requested size: 411.94328pt x 233.43452pt.
<FigurasUV/plotclus.pdf, id=88, 1084.05pt x 614.295pt>
File: FigurasUV/plotclus.pdf Graphic file (type pdf)
<use FigurasUV/plotclus.pdf>
Package pdftex.def Info: FigurasUV/plotclus.pdf  used on input line 262.
(pdftex.def)             Requested size: 487.818pt x 276.43019pt.

Overfull \hbox (57.81337pt too wide) in paragraph at lines 262--263
 [][] 
 []

[8 <./FigurasUV/numclus.pdf> <./FigurasUV/plotclus.pdf>] [9]
<FigurasUV/Base.png, id=102, 1371.1225pt x 770.88pt>
File: FigurasUV/Base.png Graphic file (type png)
<use FigurasUV/Base.png>
Package pdftex.def Info: FigurasUV/Base.png  used on input line 281.
(pdftex.def)             Requested size: 479.90007pt x 269.81204pt.

Overfull \hbox (49.89545pt too wide) in paragraph at lines 281--282
 [][] 
 []

LaTeX Font Info:    Try loading font information for T1+cmtt on input line 285.

("C:\Program Files\MiKTeX 2.9\tex/latex/base\t1cmtt.fd"
File: t1cmtt.fd 2014/09/29 v2.5h Standard LaTeX font definitions
)
Overfull \hbox (42.38002pt too wide) in paragraph at lines 289--289
[]\T1/cmtt/m/n/10 datos=read.table (file = "clipboard", header = TRUE, row.name
s = 1, sep = "\t", dec = ".")[] 
 []

[10 <./FigurasUV/Base.png>]
Overfull \hbox (126.35951pt too wide) in paragraph at lines 354--354
[]\T1/cmtt/m/n/10 for (i in 1:4) barplot(mod.mca$cr[, i], names.arg = row.names
(mod.mca$cr), las = 2, main = paste("Axe",i))[] 
 []

[11]
Overfull \hbox (189.34413pt too wide) in paragraph at lines 380--380
[]\T1/cmtt/m/n/10 for (i in 1:2) barplot(acm2$var$contrib[, i], names.arg = row
.names(acm2$var$contrib), las = 2, main = paste("Dim",i))[] 
 []


Overfull \hbox (252.32875pt too wide) in paragraph at lines 381--381
[]\T1/cmtt/m/n/10 for (i in 1:2) barplot(na.omit(acm2$var$cos2)[, i], names.arg
 = row.names(na.omit(acm2$var$cos2)), las = 2, main = paste("Dim",i))[] 
 []


Overfull \hbox (252.32875pt too wide) in paragraph at lines 386--386
[]\T1/cmtt/m/n/10 for (i in 1:2) barplot(na.omit(acm2$var$cos2)[, i], names.arg
 = row.names(na.omit(acm2$var$cos2)), las = 2, main = paste("Dim",i))[] 
 []


Overfull \hbox (189.34413pt too wide) in paragraph at lines 394--394
[]\T1/cmtt/m/n/10 for (i in 1:2) barplot(acm2$ind$contrib[, i], names.arg = row
.names(acm2$ind$contrib), las = 2, main = paste("Dim",i))[] 
 []


Overfull \hbox (252.32875pt too wide) in paragraph at lines 395--395
[]\T1/cmtt/m/n/10 for (i in 1:2) barplot(na.omit(acm2$ind$cos2)[, i], names.arg
 = row.names(na.omit(acm2$ind$cos2)), las = 2, main = paste("Dim",i))[] 
 []

[12]
Overfull \hbox (16.13643pt too wide) in paragraph at lines 454--454
[]\T1/cmtt/m/n/10 plotFactoClass(cluster1,cframe=1,col.row=c("red","green","mar
oon2","orchid4","pink"))[] 
 []

[13] ("Parcial aplicado.aux"
LaTeX Info: Redefining \. on input line 6.
LaTeX Info: Redefining \% on input line 6.
) ) 
Here is how much of TeX's memory you used:
 5976 strings out of 492946
 85156 string characters out of 3135510
 170917 words of memory out of 3000000
 9727 multiletter control sequences out of 15000+200000
 19213 words of font info for 58 fonts, out of 3000000 for 9000
 1145 hyphenation exceptions out of 8191
 43i,8n,40p,1187b,359s stack positions out of 5000i,500n,10000p,200000b,50000s
 <C:\Users\KEVINSTEVEN\AppData\Local\MiKTeX\2.9\fonts/pk/ljfour/jknappen/ec/
dpi600\ectt1000.pk> <C:\Users\KEVINSTEVEN\AppData\Local\MiKTeX\2.9\fonts/pk/ljf
our/jknappen/ec/dpi600\ecti0900.pk> <C:\Users\KEVINSTEVEN\AppData\Local\MiKTeX\
2.9\fonts/pk/ljfour/jknappen/ec/dpi600\ecrm0800.pk> <C:\Users\KEVINSTEVEN\AppDa
ta\Local\MiKTeX\2.9\fonts/pk/ljfour/jknappen/ec/dpi600\ecrm0600.pk> <C:\Users\K
EVINSTEVEN\AppData\Local\MiKTeX\2.9\fonts/pk/ljfour/jknappen/ec/dpi600\ecrm1000
.pk> <C:\Users\KEVINSTEVEN\AppData\Local\MiKTeX\2.9\fonts/pk/ljfour/jknappen/ec
/dpi600\ecrm0700.pk> <C:\Users\KEVINSTEVEN\AppData\Local\MiKTeX\2.9\fonts/pk/lj
four/jknappen/ec/dpi600\eccc1000.pk> <C:\Users\KEVINSTEVEN\AppData\Local\MiKTeX
\2.9\fonts/pk/ljfour/jknappen/ec/dpi600\ecbx1440.pk> <C:\Users\KEVINSTEVEN\AppD
ata\Local\MiKTeX\2.9\fonts/pk/ljfour/jknappen/ec/dpi600\ecrm0900.pk> <C:\Users\
KEVINSTEVEN\AppData\Local\MiKTeX\2.9\fonts/pk/ljfour/jknappen/ec/dpi600\ecbx090
0.pk><C:/Program Files/MiKTeX 2.9/fonts/type1/public/amsfonts/cm/cmex10.pfb><C:
/Program Files/MiKTeX 2.9/fonts/type1/public/amsfonts/cm/cmmi10.pfb><C:/Program
 Files/MiKTeX 2.9/fonts/type1/public/amsfonts/cm/cmmi7.pfb><C:/Program Files/Mi
KTeX 2.9/fonts/type1/public/amsfonts/cm/cmr10.pfb><C:/Program Files/MiKTeX 2.9/
fonts/type1/public/amsfonts/cm/cmr7.pfb><C:/Program Files/MiKTeX 2.9/fonts/type
1/public/amsfonts/cm/cmsy10.pfb>
Output written on "Parcial aplicado.pdf" (13 pages, 1986413 bytes).
PDF statistics:
 491 PDF objects out of 1000 (max. 8388607)
 0 named destinations out of 1000 (max. 500000)
 61 words of extra memory for PDF output out of 10000 (max. 10000000)

